           **********************************************************
           ** PernMAngband 3.1.3  **  The Troubles of Middle Earth **
           **********************************************************

               "One Ring to rule them all, One Ring to find them
            One Ring to bring them all and in the darkness bind them
                  In the land of Mordor where the shadows lie"
                                "Lord of The Rings", J.R.R.Tolkien

           Based on Moria:    Copyright (c) 1985 Robert Alan Koeneke
               and Umoria:    Copyright (c) 1989 James E. Wilson
          Angband 2.0 - 2.4: Alex Cutler, Andy Astrand, Sean Marsh,
          Angband 2.5 - 2.6: Charles Swiger (cs4w+@andrew.cmu.edu)
          Angband 2.7 - 2.8: Ben Harrison (benh@phial.com)
          Curses/X11 Module: Ben Harrison, Torbj|rn Lindgren
         MAngband 0.1 - 0.5: Keldon Jones (keldon@umr.edu)
         MAngband 0.6 - 0.7: Alex Dingle (adingle@crud.net)  
     PernMAngband 2.9 - x.x: DarkGod (darkgod@ifrance.com)

       ****WARNING**** !!!!!!!! You NEED the new client to play go to:
                   http://pernmangband.pernangband.org

 Send all comments, bug reports, patches, etc, to "darkgod@pernangband.org".
[Initializing arrays... (features)]
[Initializing arrays... (objects)]
[Initializing arrays... (artifacts)]
[Initializing arrays... (ego-items)]
[Initializing arrays... (monsters)]
[Initializing arrays... (vaults)]
[Initializing arrays... (other)]
[Initializing arrays... (alloc)]
[Initializing arrays... done]
Please wait...
Object flavors initialized...
Server is running version 3140
27 Jul 20:23:22: Welcome Chrono1=PLAYER@default (0.0.0.0/0) (version 3130)
Savefile does not exist for player Chrono1.
27 Jul 20:23:27: Welcome DarkGod=root@theforest.demon.co.uk (0.0.0.0/0)
27 Jul 20:23:35: Welcome DarkWyrm=PLAYER@black-lotus (0.0.0.0/0) (version 3130)
Savefile does not exist for player DarkWyrm.
27 Jul 20:27:44: Goodbye DarkGod=root@theforest.demon.co.uk ("Killed by divine wrath")
27 Jul 20:28:06: Welcome DarkGod=root@theforest.demon.co.uk (0.0.0.0/0)
27 Jul 20:30:46: Goodbye DarkGod=root@theforest.demon.co.uk ("client quit")
Valid console command from 0.0.0.0.
Shutting down.
27 Jul 20:31:15: Goodbye Chrono1=PLAYER@default ("Server shutdown (save succeeded)")
27 Jul 20:31:15: Goodbye DarkWyrm=PLAYER@black-lotus ("Server shutdown (save succeeded)")
